<?xml version="1.0" encoding="UTF-8"?>
<!-- Generated by org.testng.reporters.JUnitReportReporter -->
<testsuite hostname="Ankits-MacBook-Pro.local" failures="0" tests="1" name="soapapitests.NumberToWordsTest" time="2.733" errors="0" timestamp="2022-11-26T19:43:15 IST" skipped="0">
  <testcase classname="soapapitests.NumberToWordsTest" name="testNumberToWordsAPI" time="2.733"/>
  <system-out/>
</testsuite> <!-- soapapitests.NumberToWordsTest -->
