<?xml version="1.0" encoding="UTF-8"?>
<!-- Generated by org.testng.reporters.JUnitReportReporter -->
<testsuite hostname="Ankits-MacBook-Pro.local" failures="0" tests="2" name="io.github.mfaisalkhatri.TestGetRequests" time="1.691" errors="0" timestamp="2022-11-26T19:43:15 IST" skipped="0">
  <testcase classname="io.github.mfaisalkhatri.TestGetRequests" name="getRequestTest" time="0.399"/>
  <system-out/>
  <testcase classname="io.github.mfaisalkhatri.TestGetRequests" name="getRequestTestWithQueryParam" time="1.292"/>
  <system-out/>
</testsuite> <!-- io.github.mfaisalkhatri.TestGetRequests -->
