<?xml version="1.0" encoding="UTF-8"?>
<!-- Generated by org.testng.reporters.JUnitReportReporter -->
<testsuite hostname="Ankits-MacBook-Pro.local" failures="0" tests="4" name="io.github.mfaisalkhatri.TestPostRequests" time="2.272" errors="0" timestamp="2022-11-26T19:43:15 IST" skipped="0">
  <testcase classname="io.github.mfaisalkhatri.TestPostRequests" name="testPostRequests" time="0.532"/>
  <system-out/>
  <testcase classname="io.github.mfaisalkhatri.TestPostRequests" name="testPostRequests" time="0.663"/>
  <system-out/>
  <testcase classname="io.github.mfaisalkhatri.TestPostRequests" name="testPostRequests" time="0.530"/>
  <system-out/>
  <testcase classname="io.github.mfaisalkhatri.TestPostRequests" name="testPostRequests" time="0.547"/>
  <system-out/>
</testsuite> <!-- io.github.mfaisalkhatri.TestPostRequests -->
