<?xml version="1.0" encoding="UTF-8"?>
<!-- Generated by org.testng.reporters.JUnitReportReporter -->
<testsuite hostname="Ankits-MacBook-Pro.local" failures="0" tests="2" name="io.github.mfaisalkhatri.TestPatchRequests" time="1.187" errors="0" timestamp="2022-11-26T19:43:15 IST" skipped="0">
  <testcase classname="io.github.mfaisalkhatri.TestPatchRequests" name="patchRequestTests" time="0.652"/>
  <system-out/>
  <testcase classname="io.github.mfaisalkhatri.TestPatchRequests" name="patchRequestTests" time="0.535"/>
  <system-out/>
</testsuite> <!-- io.github.mfaisalkhatri.TestPatchRequests -->
