<?xml version="1.0" encoding="UTF-8"?>
<!-- Generated by org.testng.reporters.JUnitReportReporter -->
<testsuite hostname="Ankits-MacBook-Pro.local" failures="0" tests="1" name="io.github.mfaisalkhatri.PostRequestBuilderExample" time="0.613" errors="0" timestamp="2022-11-26T19:43:15 IST" skipped="0">
  <testcase classname="io.github.mfaisalkhatri.PostRequestBuilderExample" name="postTestUsingBuilderPattern" time="0.613"/>
  <system-out/>
</testsuite> <!-- io.github.mfaisalkhatri.PostRequestBuilderExample -->
