<?xml version="1.0" encoding="UTF-8"?>
<!-- Generated by org.testng.reporters.JUnitReportReporter -->
<testsuite hostname="Ankits-MacBook-Pro.local" failures="0" tests="2" name="io.github.mfaisalkhatri.TestAuthentication" time="2.599" errors="0" timestamp="2022-11-26T19:43:15 IST" skipped="0">
  <testcase classname="io.github.mfaisalkhatri.TestAuthentication" name="testAuthenticationToken" time="2.020"/>
  <system-out/>
  <testcase classname="io.github.mfaisalkhatri.TestAuthentication" name="testAuthToken" time="0.579"/>
  <system-out/>
</testsuite> <!-- io.github.mfaisalkhatri.TestAuthentication -->
