<?xml version="1.0" encoding="UTF-8"?>
<!-- Generated by org.testng.reporters.JUnitReportReporter -->
<testsuite hostname="Ankits-MacBook-Pro.local" failures="0" tests="6" name="com.restfulbooker.RestfulBookerE2ETests" time="15.373" errors="0" timestamp="2022-11-26T19:43:15 IST" skipped="0">
  <testcase classname="com.restfulbooker.RestfulBookerE2ETests" name="updatePartialBookingTest" time="4.259"/>
  <system-out/>
  <testcase classname="com.restfulbooker.RestfulBookerE2ETests" name="checkBookingIsDeleted" time="1.303"/>
  <system-out/>
  <testcase classname="com.restfulbooker.RestfulBookerE2ETests" name="updateBookingTest" time="2.965"/>
  <system-out/>
  <testcase classname="com.restfulbooker.RestfulBookerE2ETests" name="deleteBookingTest" time="3.139"/>
  <system-out/>
  <testcase classname="com.restfulbooker.RestfulBookerE2ETests" name="getBookingTest" time="1.520"/>
  <system-out/>
  <testcase classname="com.restfulbooker.RestfulBookerE2ETests" name="createBookingTest" time="2.187"/>
  <system-out/>
</testsuite> <!-- com.restfulbooker.RestfulBookerE2ETests -->
