<?xml version="1.0" encoding="UTF-8"?>
<!-- Generated by org.testng.reporters.JUnitReportReporter -->
<testsuite hostname="Ankits-MacBook-Pro.local" failures="0" tests="1" name="io.github.mfaisalkhatri.TestGetRequestWithRestAssuredConfig" time="0.144" errors="0" timestamp="2022-11-26T19:43:15 IST" skipped="0">
  <testcase classname="io.github.mfaisalkhatri.TestGetRequestWithRestAssuredConfig" name="getRequestTestwithRestAssuredConfig" time="0.144"/>
  <system-out/>
</testsuite> <!-- io.github.mfaisalkhatri.TestGetRequestWithRestAssuredConfig -->
