<?xml version="1.0" encoding="UTF-8"?>
<!-- Generated by org.testng.reporters.JUnitReportReporter -->
<testsuite hostname="Ankits-MacBook-Pro.local" failures="0" tests="5" name="com.restfulbooker.JsonSchemaValidationTest" time="9.160" errors="0" timestamp="2022-11-26T19:43:15 IST" skipped="0">
  <testcase classname="com.restfulbooker.JsonSchemaValidationTest" name="testUpdateBookingJsonSchema" time="1.512"/>
  <system-out/>
  <testcase classname="com.restfulbooker.JsonSchemaValidationTest" name="testGetBookingJsonSchema" time="3.070"/>
  <system-out/>
  <testcase classname="com.restfulbooker.JsonSchemaValidationTest" name="testUpdatePartialBookingJsonSchema" time="1.598"/>
  <system-out/>
  <testcase classname="com.restfulbooker.JsonSchemaValidationTest" name="testCreateJsonSchema" time="1.348"/>
  <system-out/>
  <testcase classname="com.restfulbooker.JsonSchemaValidationTest" name="testCreateBookingJsonSchema" time="1.632"/>
  <system-out/>
</testsuite> <!-- com.restfulbooker.JsonSchemaValidationTest -->
